********************************************************************************
DUPLICATOR-LITE PACKAGE-LOG: 19 December 2024 21h42
NOTICE: Do NOT post to public sites or forums 
********************************************************************************
VERSION:	1.5.11.2
WORDPRESS:	6.7.1
PHP INFO:	8.0.30 | SAPI: apache2handler
SERVER:		Apache/2.4.58 (Win64) OpenSSL/3.1.3 PHP/8.0.30 
PHP TIME LIMIT: (0) no time limit imposed 
PHP MAX MEMORY: 4294967296 (512M default) 
MEMORY STACK: 114MB

********************************************************************************
DATABASE:
********************************************************************************
BUILD MODE:   MYSQLDUMP
MYSQLTIMEOUT: 5000
MYSQLDUMP:    Is Supported
SQL CREATED: 20241219_monpremiersite_f9e1bd80df1e92528067_20241219214107_database.sql
SQL FILE SIZE: 6.64MB (6966265)
SQL FILE TIME: 2024-12-19 21:42:29
SQL RUNTIME: 22.50 sec.

********************************************************************************
ARCHIVE (ZIP):
********************************************************************************
ARCHIVE DIR:  C:/xampp/htdocs/wordpress
ARCHIVE FILE: 20241219_monpremiersite_f9e1bd80df1e92528067_20241219214107_archive.zip
FILTERS: *OFF*
DIRS:
	not set
FILES:
	not set
EXTS:  not set
----------------------------------------
COMPRESSING
SIZE:	267.62MB
STATS:	Dirs 3,059 | Files 19,306
SQL ADDED: 20241219_monpremiersite_f9e1bd80df1e92528067_20241219214107_database.sql
ZipArchive Object
(
    [lastId] => 22364
    [status] => 0
    [statusSys] => 0
    [numFiles] => 22365
    [filename] => C:\xampp\htdocs\wordpress\wp-content\backups-dup-lite\tmp\20241219_monpremiersite_f9e1bd80df1e92528067_20241219214107_archive.zip
    [comment] => 
)

FILE ADDED TO ZIP: 22364
COMPRESSION RESULT: '1'
COMPRESSED SIZE: 97.9MB
ARCHIVE RUNTIME: 220.92 sec.
MEMORY STACK: 118MB
building installer
TEST DE COHÉRENCE D’ARCHIVE : RÉUSSITE

********************************************************************************
INTEGRITY CHECKS:
********************************************************************************
SQL FILE: 6.64MB
INSTALLER FILE: 73.48KB
ARCHIVE FILE: 100.06MB 
COMPTE ATTENDU DE FICHIERS/RÉPERTOIRES : 22,365
COMPTE ACTUEL DE FICHIERS/RÉPERTOIRES : 22,364
TEST DE COHÉRENCE D’ARCHIVE : Bon

********************************************************************************
RECORD ID:[1]
TOTAL PROCESS RUNTIME: 250.09 sec.
PEAK PHP MEMORY USED: 120MB
DONE PROCESSING => 20241219_monpremiersite 19 December 2024 21h46

